
> frontend@0.1.0 start
> react-scripts start

[HPM] Proxy created: /api  -> http://39.106.5.232
[HPM] Proxy rewrite rule created: "^/api" ~> ""
(node:208658) [DEP_WEBPACK_DEV_SERVER_ON_AFTER_SETUP_MIDDLEWARE] DeprecationWarning: 'onAfterSetupMiddleware' option is deprecated. Please use the 'setupMiddlewares' option.
(Use `node --trace-deprecation ...` to show where the warning was created)
(node:208658) [DEP_WEBPACK_DEV_SERVER_ON_BEFORE_SETUP_MIDDLEWARE] DeprecationWarning: 'onBeforeSetupMiddleware' option is deprecated. Please use the 'setupMiddlewares' option.
Starting the development server...

Compiled with warnings.

Failed to parse source map: 'webpack://antd/./components/config-provider/style/index.less' URL is not supported

Failed to parse source map: 'webpack://antd/./components/icon/style/index.less' URL is not supported

Failed to parse source map: 'webpack://antd/./components/locale-provider/style/index.less' URL is not supported

Failed to parse source map: 'webpack://antd/./components/time-picker/style/index.less' URL is not supported

Search for the keywords to learn more about each warning.
To ignore, add // eslint-disable-next-line to the line before.

WARNING in ./node_modules/antd/dist/antd.css (./node_modules/css-loader/dist/cjs.js??ruleSet[1].rules[1].oneOf[5].use[1]!./node_modules/postcss-loader/dist/cjs.js??ruleSet[1].rules[1].oneOf[5].use[2]!./node_modules/source-map-loader/dist/cjs.js!./node_modules/antd/dist/antd.css)
Module Warning (from ./node_modules/source-map-loader/dist/cjs.js):
Failed to parse source map: 'webpack://antd/./components/config-provider/style/index.less' URL is not supported

WARNING in ./node_modules/antd/dist/antd.css (./node_modules/css-loader/dist/cjs.js??ruleSet[1].rules[1].oneOf[5].use[1]!./node_modules/postcss-loader/dist/cjs.js??ruleSet[1].rules[1].oneOf[5].use[2]!./node_modules/source-map-loader/dist/cjs.js!./node_modules/antd/dist/antd.css)
Module Warning (from ./node_modules/source-map-loader/dist/cjs.js):
Failed to parse source map: 'webpack://antd/./components/icon/style/index.less' URL is not supported

WARNING in ./node_modules/antd/dist/antd.css (./node_modules/css-loader/dist/cjs.js??ruleSet[1].rules[1].oneOf[5].use[1]!./node_modules/postcss-loader/dist/cjs.js??ruleSet[1].rules[1].oneOf[5].use[2]!./node_modules/source-map-loader/dist/cjs.js!./node_modules/antd/dist/antd.css)
Module Warning (from ./node_modules/source-map-loader/dist/cjs.js):
Failed to parse source map: 'webpack://antd/./components/locale-provider/style/index.less' URL is not supported

WARNING in ./node_modules/antd/dist/antd.css (./node_modules/css-loader/dist/cjs.js??ruleSet[1].rules[1].oneOf[5].use[1]!./node_modules/postcss-loader/dist/cjs.js??ruleSet[1].rules[1].oneOf[5].use[2]!./node_modules/source-map-loader/dist/cjs.js!./node_modules/antd/dist/antd.css)
Module Warning (from ./node_modules/source-map-loader/dist/cjs.js):
Failed to parse source map: 'webpack://antd/./components/time-picker/style/index.less' URL is not supported

webpack compiled with 4 warnings
Compiling...
Compiled with warnings.

Failed to parse source map: 'webpack://antd/./components/config-provider/style/index.less' URL is not supported

Failed to parse source map: 'webpack://antd/./components/icon/style/index.less' URL is not supported

Failed to parse source map: 'webpack://antd/./components/locale-provider/style/index.less' URL is not supported

Failed to parse source map: 'webpack://antd/./components/time-picker/style/index.less' URL is not supported

Search for the keywords to learn more about each warning.
To ignore, add // eslint-disable-next-line to the line before.

WARNING in ./node_modules/antd/dist/antd.css (./node_modules/css-loader/dist/cjs.js??ruleSet[1].rules[1].oneOf[5].use[1]!./node_modules/postcss-loader/dist/cjs.js??ruleSet[1].rules[1].oneOf[5].use[2]!./node_modules/source-map-loader/dist/cjs.js!./node_modules/antd/dist/antd.css)
Module Warning (from ./node_modules/source-map-loader/dist/cjs.js):
Failed to parse source map: 'webpack://antd/./components/config-provider/style/index.less' URL is not supported

WARNING in ./node_modules/antd/dist/antd.css (./node_modules/css-loader/dist/cjs.js??ruleSet[1].rules[1].oneOf[5].use[1]!./node_modules/postcss-loader/dist/cjs.js??ruleSet[1].rules[1].oneOf[5].use[2]!./node_modules/source-map-loader/dist/cjs.js!./node_modules/antd/dist/antd.css)
Module Warning (from ./node_modules/source-map-loader/dist/cjs.js):
Failed to parse source map: 'webpack://antd/./components/icon/style/index.less' URL is not supported

WARNING in ./node_modules/antd/dist/antd.css (./node_modules/css-loader/dist/cjs.js??ruleSet[1].rules[1].oneOf[5].use[1]!./node_modules/postcss-loader/dist/cjs.js??ruleSet[1].rules[1].oneOf[5].use[2]!./node_modules/source-map-loader/dist/cjs.js!./node_modules/antd/dist/antd.css)
Module Warning (from ./node_modules/source-map-loader/dist/cjs.js):
Failed to parse source map: 'webpack://antd/./components/locale-provider/style/index.less' URL is not supported

WARNING in ./node_modules/antd/dist/antd.css (./node_modules/css-loader/dist/cjs.js??ruleSet[1].rules[1].oneOf[5].use[1]!./node_modules/postcss-loader/dist/cjs.js??ruleSet[1].rules[1].oneOf[5].use[2]!./node_modules/source-map-loader/dist/cjs.js!./node_modules/antd/dist/antd.css)
Module Warning (from ./node_modules/source-map-loader/dist/cjs.js):
Failed to parse source map: 'webpack://antd/./components/time-picker/style/index.less' URL is not supported

webpack compiled with 4 warnings
Compiling...
Compiled with warnings.

Failed to parse source map: 'webpack://antd/./components/config-provider/style/index.less' URL is not supported

Failed to parse source map: 'webpack://antd/./components/icon/style/index.less' URL is not supported

Failed to parse source map: 'webpack://antd/./components/locale-provider/style/index.less' URL is not supported

Failed to parse source map: 'webpack://antd/./components/time-picker/style/index.less' URL is not supported

Search for the keywords to learn more about each warning.
To ignore, add // eslint-disable-next-line to the line before.

WARNING in ./node_modules/antd/dist/antd.css (./node_modules/css-loader/dist/cjs.js??ruleSet[1].rules[1].oneOf[5].use[1]!./node_modules/postcss-loader/dist/cjs.js??ruleSet[1].rules[1].oneOf[5].use[2]!./node_modules/source-map-loader/dist/cjs.js!./node_modules/antd/dist/antd.css)
Module Warning (from ./node_modules/source-map-loader/dist/cjs.js):
Failed to parse source map: 'webpack://antd/./components/config-provider/style/index.less' URL is not supported

WARNING in ./node_modules/antd/dist/antd.css (./node_modules/css-loader/dist/cjs.js??ruleSet[1].rules[1].oneOf[5].use[1]!./node_modules/postcss-loader/dist/cjs.js??ruleSet[1].rules[1].oneOf[5].use[2]!./node_modules/source-map-loader/dist/cjs.js!./node_modules/antd/dist/antd.css)
Module Warning (from ./node_modules/source-map-loader/dist/cjs.js):
Failed to parse source map: 'webpack://antd/./components/icon/style/index.less' URL is not supported

WARNING in ./node_modules/antd/dist/antd.css (./node_modules/css-loader/dist/cjs.js??ruleSet[1].rules[1].oneOf[5].use[1]!./node_modules/postcss-loader/dist/cjs.js??ruleSet[1].rules[1].oneOf[5].use[2]!./node_modules/source-map-loader/dist/cjs.js!./node_modules/antd/dist/antd.css)
Module Warning (from ./node_modules/source-map-loader/dist/cjs.js):
Failed to parse source map: 'webpack://antd/./components/locale-provider/style/index.less' URL is not supported

WARNING in ./node_modules/antd/dist/antd.css (./node_modules/css-loader/dist/cjs.js??ruleSet[1].rules[1].oneOf[5].use[1]!./node_modules/postcss-loader/dist/cjs.js??ruleSet[1].rules[1].oneOf[5].use[2]!./node_modules/source-map-loader/dist/cjs.js!./node_modules/antd/dist/antd.css)
Module Warning (from ./node_modules/source-map-loader/dist/cjs.js):
Failed to parse source map: 'webpack://antd/./components/time-picker/style/index.less' URL is not supported

webpack compiled with 4 warnings
Compiling...
Compiled with warnings.

Failed to parse source map: 'webpack://antd/./components/config-provider/style/index.less' URL is not supported

Failed to parse source map: 'webpack://antd/./components/icon/style/index.less' URL is not supported

Failed to parse source map: 'webpack://antd/./components/locale-provider/style/index.less' URL is not supported

Failed to parse source map: 'webpack://antd/./components/time-picker/style/index.less' URL is not supported

Search for the keywords to learn more about each warning.
To ignore, add // eslint-disable-next-line to the line before.

WARNING in ./node_modules/antd/dist/antd.css (./node_modules/css-loader/dist/cjs.js??ruleSet[1].rules[1].oneOf[5].use[1]!./node_modules/postcss-loader/dist/cjs.js??ruleSet[1].rules[1].oneOf[5].use[2]!./node_modules/source-map-loader/dist/cjs.js!./node_modules/antd/dist/antd.css)
Module Warning (from ./node_modules/source-map-loader/dist/cjs.js):
Failed to parse source map: 'webpack://antd/./components/config-provider/style/index.less' URL is not supported

WARNING in ./node_modules/antd/dist/antd.css (./node_modules/css-loader/dist/cjs.js??ruleSet[1].rules[1].oneOf[5].use[1]!./node_modules/postcss-loader/dist/cjs.js??ruleSet[1].rules[1].oneOf[5].use[2]!./node_modules/source-map-loader/dist/cjs.js!./node_modules/antd/dist/antd.css)
Module Warning (from ./node_modules/source-map-loader/dist/cjs.js):
Failed to parse source map: 'webpack://antd/./components/icon/style/index.less' URL is not supported

WARNING in ./node_modules/antd/dist/antd.css (./node_modules/css-loader/dist/cjs.js??ruleSet[1].rules[1].oneOf[5].use[1]!./node_modules/postcss-loader/dist/cjs.js??ruleSet[1].rules[1].oneOf[5].use[2]!./node_modules/source-map-loader/dist/cjs.js!./node_modules/antd/dist/antd.css)
Module Warning (from ./node_modules/source-map-loader/dist/cjs.js):
Failed to parse source map: 'webpack://antd/./components/locale-provider/style/index.less' URL is not supported

WARNING in ./node_modules/antd/dist/antd.css (./node_modules/css-loader/dist/cjs.js??ruleSet[1].rules[1].oneOf[5].use[1]!./node_modules/postcss-loader/dist/cjs.js??ruleSet[1].rules[1].oneOf[5].use[2]!./node_modules/source-map-loader/dist/cjs.js!./node_modules/antd/dist/antd.css)
Module Warning (from ./node_modules/source-map-loader/dist/cjs.js):
Failed to parse source map: 'webpack://antd/./components/time-picker/style/index.less' URL is not supported

webpack compiled with 4 warnings
Compiling...
Compiled with warnings.

Failed to parse source map: 'webpack://antd/./components/config-provider/style/index.less' URL is not supported

Failed to parse source map: 'webpack://antd/./components/icon/style/index.less' URL is not supported

Failed to parse source map: 'webpack://antd/./components/locale-provider/style/index.less' URL is not supported

Failed to parse source map: 'webpack://antd/./components/time-picker/style/index.less' URL is not supported

Search for the keywords to learn more about each warning.
To ignore, add // eslint-disable-next-line to the line before.

WARNING in ./node_modules/antd/dist/antd.css (./node_modules/css-loader/dist/cjs.js??ruleSet[1].rules[1].oneOf[5].use[1]!./node_modules/postcss-loader/dist/cjs.js??ruleSet[1].rules[1].oneOf[5].use[2]!./node_modules/source-map-loader/dist/cjs.js!./node_modules/antd/dist/antd.css)
Module Warning (from ./node_modules/source-map-loader/dist/cjs.js):
Failed to parse source map: 'webpack://antd/./components/config-provider/style/index.less' URL is not supported

WARNING in ./node_modules/antd/dist/antd.css (./node_modules/css-loader/dist/cjs.js??ruleSet[1].rules[1].oneOf[5].use[1]!./node_modules/postcss-loader/dist/cjs.js??ruleSet[1].rules[1].oneOf[5].use[2]!./node_modules/source-map-loader/dist/cjs.js!./node_modules/antd/dist/antd.css)
Module Warning (from ./node_modules/source-map-loader/dist/cjs.js):
Failed to parse source map: 'webpack://antd/./components/icon/style/index.less' URL is not supported

WARNING in ./node_modules/antd/dist/antd.css (./node_modules/css-loader/dist/cjs.js??ruleSet[1].rules[1].oneOf[5].use[1]!./node_modules/postcss-loader/dist/cjs.js??ruleSet[1].rules[1].oneOf[5].use[2]!./node_modules/source-map-loader/dist/cjs.js!./node_modules/antd/dist/antd.css)
Module Warning (from ./node_modules/source-map-loader/dist/cjs.js):
Failed to parse source map: 'webpack://antd/./components/locale-provider/style/index.less' URL is not supported

WARNING in ./node_modules/antd/dist/antd.css (./node_modules/css-loader/dist/cjs.js??ruleSet[1].rules[1].oneOf[5].use[1]!./node_modules/postcss-loader/dist/cjs.js??ruleSet[1].rules[1].oneOf[5].use[2]!./node_modules/source-map-loader/dist/cjs.js!./node_modules/antd/dist/antd.css)
Module Warning (from ./node_modules/source-map-loader/dist/cjs.js):
Failed to parse source map: 'webpack://antd/./components/time-picker/style/index.less' URL is not supported

webpack compiled with 4 warnings
Compiling...
Compiled with warnings.

Failed to parse source map: 'webpack://antd/./components/config-provider/style/index.less' URL is not supported

Failed to parse source map: 'webpack://antd/./components/icon/style/index.less' URL is not supported

Failed to parse source map: 'webpack://antd/./components/locale-provider/style/index.less' URL is not supported

Failed to parse source map: 'webpack://antd/./components/time-picker/style/index.less' URL is not supported

[eslint] 
src/components/Editor/BlogEditor.jsx
  Line 6:8:    'FileSaver' is defined but never used               no-unused-vars
  Line 10:8:   'qs' is defined but never used                      no-unused-vars
  Line 28:25:  'contextHolder' is assigned a value but never used  no-unused-vars
  Line 29:13:  'data' is assigned a value but never used           no-unused-vars

Search for the keywords to learn more about each warning.
To ignore, add // eslint-disable-next-line to the line before.

WARNING in ./node_modules/antd/dist/antd.css (./node_modules/css-loader/dist/cjs.js??ruleSet[1].rules[1].oneOf[5].use[1]!./node_modules/postcss-loader/dist/cjs.js??ruleSet[1].rules[1].oneOf[5].use[2]!./node_modules/source-map-loader/dist/cjs.js!./node_modules/antd/dist/antd.css)
Module Warning (from ./node_modules/source-map-loader/dist/cjs.js):
Failed to parse source map: 'webpack://antd/./components/config-provider/style/index.less' URL is not supported

WARNING in ./node_modules/antd/dist/antd.css (./node_modules/css-loader/dist/cjs.js??ruleSet[1].rules[1].oneOf[5].use[1]!./node_modules/postcss-loader/dist/cjs.js??ruleSet[1].rules[1].oneOf[5].use[2]!./node_modules/source-map-loader/dist/cjs.js!./node_modules/antd/dist/antd.css)
Module Warning (from ./node_modules/source-map-loader/dist/cjs.js):
Failed to parse source map: 'webpack://antd/./components/icon/style/index.less' URL is not supported

WARNING in ./node_modules/antd/dist/antd.css (./node_modules/css-loader/dist/cjs.js??ruleSet[1].rules[1].oneOf[5].use[1]!./node_modules/postcss-loader/dist/cjs.js??ruleSet[1].rules[1].oneOf[5].use[2]!./node_modules/source-map-loader/dist/cjs.js!./node_modules/antd/dist/antd.css)
Module Warning (from ./node_modules/source-map-loader/dist/cjs.js):
Failed to parse source map: 'webpack://antd/./components/locale-provider/style/index.less' URL is not supported

WARNING in ./node_modules/antd/dist/antd.css (./node_modules/css-loader/dist/cjs.js??ruleSet[1].rules[1].oneOf[5].use[1]!./node_modules/postcss-loader/dist/cjs.js??ruleSet[1].rules[1].oneOf[5].use[2]!./node_modules/source-map-loader/dist/cjs.js!./node_modules/antd/dist/antd.css)
Module Warning (from ./node_modules/source-map-loader/dist/cjs.js):
Failed to parse source map: 'webpack://antd/./components/time-picker/style/index.less' URL is not supported

WARNING in [eslint] 
src/components/Editor/BlogEditor.jsx
  Line 6:8:    'FileSaver' is defined but never used               no-unused-vars
  Line 10:8:   'qs' is defined but never used                      no-unused-vars
  Line 28:25:  'contextHolder' is assigned a value but never used  no-unused-vars
  Line 29:13:  'data' is assigned a value but never used           no-unused-vars

webpack compiled with 5 warnings
Compiling...
Compiled with warnings.

Failed to parse source map: 'webpack://antd/./components/config-provider/style/index.less' URL is not supported

Failed to parse source map: 'webpack://antd/./components/icon/style/index.less' URL is not supported

Failed to parse source map: 'webpack://antd/./components/locale-provider/style/index.less' URL is not supported

Failed to parse source map: 'webpack://antd/./components/time-picker/style/index.less' URL is not supported

[eslint] 
src/components/Editor/BlogEditor.jsx
  Line 6:8:    'FileSaver' is defined but never used               no-unused-vars
  Line 10:8:   'qs' is defined but never used                      no-unused-vars
  Line 28:25:  'contextHolder' is assigned a value but never used  no-unused-vars
  Line 29:13:  'data' is assigned a value but never used           no-unused-vars

Search for the keywords to learn more about each warning.
To ignore, add // eslint-disable-next-line to the line before.

WARNING in ./node_modules/antd/dist/antd.css (./node_modules/css-loader/dist/cjs.js??ruleSet[1].rules[1].oneOf[5].use[1]!./node_modules/postcss-loader/dist/cjs.js??ruleSet[1].rules[1].oneOf[5].use[2]!./node_modules/source-map-loader/dist/cjs.js!./node_modules/antd/dist/antd.css)
Module Warning (from ./node_modules/source-map-loader/dist/cjs.js):
Failed to parse source map: 'webpack://antd/./components/config-provider/style/index.less' URL is not supported

WARNING in ./node_modules/antd/dist/antd.css (./node_modules/css-loader/dist/cjs.js??ruleSet[1].rules[1].oneOf[5].use[1]!./node_modules/postcss-loader/dist/cjs.js??ruleSet[1].rules[1].oneOf[5].use[2]!./node_modules/source-map-loader/dist/cjs.js!./node_modules/antd/dist/antd.css)
Module Warning (from ./node_modules/source-map-loader/dist/cjs.js):
Failed to parse source map: 'webpack://antd/./components/icon/style/index.less' URL is not supported

WARNING in ./node_modules/antd/dist/antd.css (./node_modules/css-loader/dist/cjs.js??ruleSet[1].rules[1].oneOf[5].use[1]!./node_modules/postcss-loader/dist/cjs.js??ruleSet[1].rules[1].oneOf[5].use[2]!./node_modules/source-map-loader/dist/cjs.js!./node_modules/antd/dist/antd.css)
Module Warning (from ./node_modules/source-map-loader/dist/cjs.js):
Failed to parse source map: 'webpack://antd/./components/locale-provider/style/index.less' URL is not supported

WARNING in ./node_modules/antd/dist/antd.css (./node_modules/css-loader/dist/cjs.js??ruleSet[1].rules[1].oneOf[5].use[1]!./node_modules/postcss-loader/dist/cjs.js??ruleSet[1].rules[1].oneOf[5].use[2]!./node_modules/source-map-loader/dist/cjs.js!./node_modules/antd/dist/antd.css)
Module Warning (from ./node_modules/source-map-loader/dist/cjs.js):
Failed to parse source map: 'webpack://antd/./components/time-picker/style/index.less' URL is not supported

WARNING in [eslint] 
src/components/Editor/BlogEditor.jsx
  Line 6:8:    'FileSaver' is defined but never used               no-unused-vars
  Line 10:8:   'qs' is defined but never used                      no-unused-vars
  Line 28:25:  'contextHolder' is assigned a value but never used  no-unused-vars
  Line 29:13:  'data' is assigned a value but never used           no-unused-vars

webpack compiled with 5 warnings
Compiling...
Compiled with warnings.

Failed to parse source map: 'webpack://antd/./components/config-provider/style/index.less' URL is not supported

Failed to parse source map: 'webpack://antd/./components/icon/style/index.less' URL is not supported

Failed to parse source map: 'webpack://antd/./components/locale-provider/style/index.less' URL is not supported

Failed to parse source map: 'webpack://antd/./components/time-picker/style/index.less' URL is not supported

[eslint] 
src/components/Editor/BlogEditor.jsx
  Line 6:8:    'FileSaver' is defined but never used               no-unused-vars
  Line 10:8:   'qs' is defined but never used                      no-unused-vars
  Line 28:25:  'contextHolder' is assigned a value but never used  no-unused-vars
  Line 29:13:  'data' is assigned a value but never used           no-unused-vars

Search for the keywords to learn more about each warning.
To ignore, add // eslint-disable-next-line to the line before.

WARNING in ./node_modules/antd/dist/antd.css (./node_modules/css-loader/dist/cjs.js??ruleSet[1].rules[1].oneOf[5].use[1]!./node_modules/postcss-loader/dist/cjs.js??ruleSet[1].rules[1].oneOf[5].use[2]!./node_modules/source-map-loader/dist/cjs.js!./node_modules/antd/dist/antd.css)
Module Warning (from ./node_modules/source-map-loader/dist/cjs.js):
Failed to parse source map: 'webpack://antd/./components/config-provider/style/index.less' URL is not supported

WARNING in ./node_modules/antd/dist/antd.css (./node_modules/css-loader/dist/cjs.js??ruleSet[1].rules[1].oneOf[5].use[1]!./node_modules/postcss-loader/dist/cjs.js??ruleSet[1].rules[1].oneOf[5].use[2]!./node_modules/source-map-loader/dist/cjs.js!./node_modules/antd/dist/antd.css)
Module Warning (from ./node_modules/source-map-loader/dist/cjs.js):
Failed to parse source map: 'webpack://antd/./components/icon/style/index.less' URL is not supported

WARNING in ./node_modules/antd/dist/antd.css (./node_modules/css-loader/dist/cjs.js??ruleSet[1].rules[1].oneOf[5].use[1]!./node_modules/postcss-loader/dist/cjs.js??ruleSet[1].rules[1].oneOf[5].use[2]!./node_modules/source-map-loader/dist/cjs.js!./node_modules/antd/dist/antd.css)
Module Warning (from ./node_modules/source-map-loader/dist/cjs.js):
Failed to parse source map: 'webpack://antd/./components/locale-provider/style/index.less' URL is not supported

WARNING in ./node_modules/antd/dist/antd.css (./node_modules/css-loader/dist/cjs.js??ruleSet[1].rules[1].oneOf[5].use[1]!./node_modules/postcss-loader/dist/cjs.js??ruleSet[1].rules[1].oneOf[5].use[2]!./node_modules/source-map-loader/dist/cjs.js!./node_modules/antd/dist/antd.css)
Module Warning (from ./node_modules/source-map-loader/dist/cjs.js):
Failed to parse source map: 'webpack://antd/./components/time-picker/style/index.less' URL is not supported

WARNING in [eslint] 
src/components/Editor/BlogEditor.jsx
  Line 6:8:    'FileSaver' is defined but never used               no-unused-vars
  Line 10:8:   'qs' is defined but never used                      no-unused-vars
  Line 28:25:  'contextHolder' is assigned a value but never used  no-unused-vars
  Line 29:13:  'data' is assigned a value but never used           no-unused-vars

webpack compiled with 5 warnings
Compiling...
Compiled with warnings.

Failed to parse source map: 'webpack://antd/./components/config-provider/style/index.less' URL is not supported

Failed to parse source map: 'webpack://antd/./components/icon/style/index.less' URL is not supported

Failed to parse source map: 'webpack://antd/./components/locale-provider/style/index.less' URL is not supported

Failed to parse source map: 'webpack://antd/./components/time-picker/style/index.less' URL is not supported

[eslint] 
src/components/Editor/BlogEditor.jsx
  Line 6:8:    'FileSaver' is defined but never used               no-unused-vars
  Line 10:8:   'qs' is defined but never used                      no-unused-vars
  Line 28:25:  'contextHolder' is assigned a value but never used  no-unused-vars
  Line 29:13:  'data' is assigned a value but never used           no-unused-vars

Search for the keywords to learn more about each warning.
To ignore, add // eslint-disable-next-line to the line before.

WARNING in ./node_modules/antd/dist/antd.css (./node_modules/css-loader/dist/cjs.js??ruleSet[1].rules[1].oneOf[5].use[1]!./node_modules/postcss-loader/dist/cjs.js??ruleSet[1].rules[1].oneOf[5].use[2]!./node_modules/source-map-loader/dist/cjs.js!./node_modules/antd/dist/antd.css)
Module Warning (from ./node_modules/source-map-loader/dist/cjs.js):
Failed to parse source map: 'webpack://antd/./components/config-provider/style/index.less' URL is not supported

WARNING in ./node_modules/antd/dist/antd.css (./node_modules/css-loader/dist/cjs.js??ruleSet[1].rules[1].oneOf[5].use[1]!./node_modules/postcss-loader/dist/cjs.js??ruleSet[1].rules[1].oneOf[5].use[2]!./node_modules/source-map-loader/dist/cjs.js!./node_modules/antd/dist/antd.css)
Module Warning (from ./node_modules/source-map-loader/dist/cjs.js):
Failed to parse source map: 'webpack://antd/./components/icon/style/index.less' URL is not supported

WARNING in ./node_modules/antd/dist/antd.css (./node_modules/css-loader/dist/cjs.js??ruleSet[1].rules[1].oneOf[5].use[1]!./node_modules/postcss-loader/dist/cjs.js??ruleSet[1].rules[1].oneOf[5].use[2]!./node_modules/source-map-loader/dist/cjs.js!./node_modules/antd/dist/antd.css)
Module Warning (from ./node_modules/source-map-loader/dist/cjs.js):
Failed to parse source map: 'webpack://antd/./components/locale-provider/style/index.less' URL is not supported

WARNING in ./node_modules/antd/dist/antd.css (./node_modules/css-loader/dist/cjs.js??ruleSet[1].rules[1].oneOf[5].use[1]!./node_modules/postcss-loader/dist/cjs.js??ruleSet[1].rules[1].oneOf[5].use[2]!./node_modules/source-map-loader/dist/cjs.js!./node_modules/antd/dist/antd.css)
Module Warning (from ./node_modules/source-map-loader/dist/cjs.js):
Failed to parse source map: 'webpack://antd/./components/time-picker/style/index.less' URL is not supported

WARNING in [eslint] 
src/components/Editor/BlogEditor.jsx
  Line 6:8:    'FileSaver' is defined but never used               no-unused-vars
  Line 10:8:   'qs' is defined but never used                      no-unused-vars
  Line 28:25:  'contextHolder' is assigned a value but never used  no-unused-vars
  Line 29:13:  'data' is assigned a value but never used           no-unused-vars

webpack compiled with 5 warnings
Compiling...
Compiled with warnings.

Failed to parse source map: 'webpack://antd/./components/config-provider/style/index.less' URL is not supported

Failed to parse source map: 'webpack://antd/./components/icon/style/index.less' URL is not supported

Failed to parse source map: 'webpack://antd/./components/locale-provider/style/index.less' URL is not supported

Failed to parse source map: 'webpack://antd/./components/time-picker/style/index.less' URL is not supported

[eslint] 
src/components/Editor/BlogEditor.jsx
  Line 6:8:    'FileSaver' is defined but never used               no-unused-vars
  Line 10:8:   'qs' is defined but never used                      no-unused-vars
  Line 28:25:  'contextHolder' is assigned a value but never used  no-unused-vars
  Line 29:13:  'data' is assigned a value but never used           no-unused-vars

Search for the keywords to learn more about each warning.
To ignore, add // eslint-disable-next-line to the line before.

WARNING in ./node_modules/antd/dist/antd.css (./node_modules/css-loader/dist/cjs.js??ruleSet[1].rules[1].oneOf[5].use[1]!./node_modules/postcss-loader/dist/cjs.js??ruleSet[1].rules[1].oneOf[5].use[2]!./node_modules/source-map-loader/dist/cjs.js!./node_modules/antd/dist/antd.css)
Module Warning (from ./node_modules/source-map-loader/dist/cjs.js):
Failed to parse source map: 'webpack://antd/./components/config-provider/style/index.less' URL is not supported

WARNING in ./node_modules/antd/dist/antd.css (./node_modules/css-loader/dist/cjs.js??ruleSet[1].rules[1].oneOf[5].use[1]!./node_modules/postcss-loader/dist/cjs.js??ruleSet[1].rules[1].oneOf[5].use[2]!./node_modules/source-map-loader/dist/cjs.js!./node_modules/antd/dist/antd.css)
Module Warning (from ./node_modules/source-map-loader/dist/cjs.js):
Failed to parse source map: 'webpack://antd/./components/icon/style/index.less' URL is not supported

WARNING in ./node_modules/antd/dist/antd.css (./node_modules/css-loader/dist/cjs.js??ruleSet[1].rules[1].oneOf[5].use[1]!./node_modules/postcss-loader/dist/cjs.js??ruleSet[1].rules[1].oneOf[5].use[2]!./node_modules/source-map-loader/dist/cjs.js!./node_modules/antd/dist/antd.css)
Module Warning (from ./node_modules/source-map-loader/dist/cjs.js):
Failed to parse source map: 'webpack://antd/./components/locale-provider/style/index.less' URL is not supported

WARNING in ./node_modules/antd/dist/antd.css (./node_modules/css-loader/dist/cjs.js??ruleSet[1].rules[1].oneOf[5].use[1]!./node_modules/postcss-loader/dist/cjs.js??ruleSet[1].rules[1].oneOf[5].use[2]!./node_modules/source-map-loader/dist/cjs.js!./node_modules/antd/dist/antd.css)
Module Warning (from ./node_modules/source-map-loader/dist/cjs.js):
Failed to parse source map: 'webpack://antd/./components/time-picker/style/index.less' URL is not supported

WARNING in [eslint] 
src/components/Editor/BlogEditor.jsx
  Line 6:8:    'FileSaver' is defined but never used               no-unused-vars
  Line 10:8:   'qs' is defined but never used                      no-unused-vars
  Line 28:25:  'contextHolder' is assigned a value but never used  no-unused-vars
  Line 29:13:  'data' is assigned a value but never used           no-unused-vars

webpack compiled with 5 warnings
Compiling...
Compiled with warnings.

Failed to parse source map: 'webpack://antd/./components/config-provider/style/index.less' URL is not supported

Failed to parse source map: 'webpack://antd/./components/icon/style/index.less' URL is not supported

Failed to parse source map: 'webpack://antd/./components/locale-provider/style/index.less' URL is not supported

Failed to parse source map: 'webpack://antd/./components/time-picker/style/index.less' URL is not supported

[eslint] 
src/components/Editor/BlogEditor.jsx
  Line 6:8:    'FileSaver' is defined but never used               no-unused-vars
  Line 10:8:   'qs' is defined but never used                      no-unused-vars
  Line 28:25:  'contextHolder' is assigned a value but never used  no-unused-vars
  Line 29:13:  'data' is assigned a value but never used           no-unused-vars

Search for the keywords to learn more about each warning.
To ignore, add // eslint-disable-next-line to the line before.

WARNING in ./node_modules/antd/dist/antd.css (./node_modules/css-loader/dist/cjs.js??ruleSet[1].rules[1].oneOf[5].use[1]!./node_modules/postcss-loader/dist/cjs.js??ruleSet[1].rules[1].oneOf[5].use[2]!./node_modules/source-map-loader/dist/cjs.js!./node_modules/antd/dist/antd.css)
Module Warning (from ./node_modules/source-map-loader/dist/cjs.js):
Failed to parse source map: 'webpack://antd/./components/config-provider/style/index.less' URL is not supported

WARNING in ./node_modules/antd/dist/antd.css (./node_modules/css-loader/dist/cjs.js??ruleSet[1].rules[1].oneOf[5].use[1]!./node_modules/postcss-loader/dist/cjs.js??ruleSet[1].rules[1].oneOf[5].use[2]!./node_modules/source-map-loader/dist/cjs.js!./node_modules/antd/dist/antd.css)
Module Warning (from ./node_modules/source-map-loader/dist/cjs.js):
Failed to parse source map: 'webpack://antd/./components/icon/style/index.less' URL is not supported

WARNING in ./node_modules/antd/dist/antd.css (./node_modules/css-loader/dist/cjs.js??ruleSet[1].rules[1].oneOf[5].use[1]!./node_modules/postcss-loader/dist/cjs.js??ruleSet[1].rules[1].oneOf[5].use[2]!./node_modules/source-map-loader/dist/cjs.js!./node_modules/antd/dist/antd.css)
Module Warning (from ./node_modules/source-map-loader/dist/cjs.js):
Failed to parse source map: 'webpack://antd/./components/locale-provider/style/index.less' URL is not supported

WARNING in ./node_modules/antd/dist/antd.css (./node_modules/css-loader/dist/cjs.js??ruleSet[1].rules[1].oneOf[5].use[1]!./node_modules/postcss-loader/dist/cjs.js??ruleSet[1].rules[1].oneOf[5].use[2]!./node_modules/source-map-loader/dist/cjs.js!./node_modules/antd/dist/antd.css)
Module Warning (from ./node_modules/source-map-loader/dist/cjs.js):
Failed to parse source map: 'webpack://antd/./components/time-picker/style/index.less' URL is not supported

WARNING in [eslint] 
src/components/Editor/BlogEditor.jsx
  Line 6:8:    'FileSaver' is defined but never used               no-unused-vars
  Line 10:8:   'qs' is defined but never used                      no-unused-vars
  Line 28:25:  'contextHolder' is assigned a value but never used  no-unused-vars
  Line 29:13:  'data' is assigned a value but never used           no-unused-vars

webpack compiled with 5 warnings
Compiling...
Compiled with warnings.

Failed to parse source map: 'webpack://antd/./components/config-provider/style/index.less' URL is not supported

Failed to parse source map: 'webpack://antd/./components/icon/style/index.less' URL is not supported

Failed to parse source map: 'webpack://antd/./components/locale-provider/style/index.less' URL is not supported

Failed to parse source map: 'webpack://antd/./components/time-picker/style/index.less' URL is not supported

[eslint] 
src/components/Editor/BlogEditor.jsx
  Line 6:8:    'FileSaver' is defined but never used               no-unused-vars
  Line 10:8:   'qs' is defined but never used                      no-unused-vars
  Line 28:25:  'contextHolder' is assigned a value but never used  no-unused-vars
  Line 29:13:  'data' is assigned a value but never used           no-unused-vars

Search for the keywords to learn more about each warning.
To ignore, add // eslint-disable-next-line to the line before.

WARNING in ./node_modules/antd/dist/antd.css (./node_modules/css-loader/dist/cjs.js??ruleSet[1].rules[1].oneOf[5].use[1]!./node_modules/postcss-loader/dist/cjs.js??ruleSet[1].rules[1].oneOf[5].use[2]!./node_modules/source-map-loader/dist/cjs.js!./node_modules/antd/dist/antd.css)
Module Warning (from ./node_modules/source-map-loader/dist/cjs.js):
Failed to parse source map: 'webpack://antd/./components/config-provider/style/index.less' URL is not supported

WARNING in ./node_modules/antd/dist/antd.css (./node_modules/css-loader/dist/cjs.js??ruleSet[1].rules[1].oneOf[5].use[1]!./node_modules/postcss-loader/dist/cjs.js??ruleSet[1].rules[1].oneOf[5].use[2]!./node_modules/source-map-loader/dist/cjs.js!./node_modules/antd/dist/antd.css)
Module Warning (from ./node_modules/source-map-loader/dist/cjs.js):
Failed to parse source map: 'webpack://antd/./components/icon/style/index.less' URL is not supported

WARNING in ./node_modules/antd/dist/antd.css (./node_modules/css-loader/dist/cjs.js??ruleSet[1].rules[1].oneOf[5].use[1]!./node_modules/postcss-loader/dist/cjs.js??ruleSet[1].rules[1].oneOf[5].use[2]!./node_modules/source-map-loader/dist/cjs.js!./node_modules/antd/dist/antd.css)
Module Warning (from ./node_modules/source-map-loader/dist/cjs.js):
Failed to parse source map: 'webpack://antd/./components/locale-provider/style/index.less' URL is not supported

WARNING in ./node_modules/antd/dist/antd.css (./node_modules/css-loader/dist/cjs.js??ruleSet[1].rules[1].oneOf[5].use[1]!./node_modules/postcss-loader/dist/cjs.js??ruleSet[1].rules[1].oneOf[5].use[2]!./node_modules/source-map-loader/dist/cjs.js!./node_modules/antd/dist/antd.css)
Module Warning (from ./node_modules/source-map-loader/dist/cjs.js):
Failed to parse source map: 'webpack://antd/./components/time-picker/style/index.less' URL is not supported

WARNING in [eslint] 
src/components/Editor/BlogEditor.jsx
  Line 6:8:    'FileSaver' is defined but never used               no-unused-vars
  Line 10:8:   'qs' is defined but never used                      no-unused-vars
  Line 28:25:  'contextHolder' is assigned a value but never used  no-unused-vars
  Line 29:13:  'data' is assigned a value but never used           no-unused-vars

webpack compiled with 5 warnings
Compiling...
Compiled with warnings.

Failed to parse source map: 'webpack://antd/./components/config-provider/style/index.less' URL is not supported

Failed to parse source map: 'webpack://antd/./components/icon/style/index.less' URL is not supported

Failed to parse source map: 'webpack://antd/./components/locale-provider/style/index.less' URL is not supported

Failed to parse source map: 'webpack://antd/./components/time-picker/style/index.less' URL is not supported

[eslint] 
src/components/Editor/BlogEditor.jsx
  Line 6:8:    'FileSaver' is defined but never used               no-unused-vars
  Line 10:8:   'qs' is defined but never used                      no-unused-vars
  Line 28:25:  'contextHolder' is assigned a value but never used  no-unused-vars
  Line 29:13:  'data' is assigned a value but never used           no-unused-vars

Search for the keywords to learn more about each warning.
To ignore, add // eslint-disable-next-line to the line before.

WARNING in ./node_modules/antd/dist/antd.css (./node_modules/css-loader/dist/cjs.js??ruleSet[1].rules[1].oneOf[5].use[1]!./node_modules/postcss-loader/dist/cjs.js??ruleSet[1].rules[1].oneOf[5].use[2]!./node_modules/source-map-loader/dist/cjs.js!./node_modules/antd/dist/antd.css)
Module Warning (from ./node_modules/source-map-loader/dist/cjs.js):
Failed to parse source map: 'webpack://antd/./components/config-provider/style/index.less' URL is not supported

WARNING in ./node_modules/antd/dist/antd.css (./node_modules/css-loader/dist/cjs.js??ruleSet[1].rules[1].oneOf[5].use[1]!./node_modules/postcss-loader/dist/cjs.js??ruleSet[1].rules[1].oneOf[5].use[2]!./node_modules/source-map-loader/dist/cjs.js!./node_modules/antd/dist/antd.css)
Module Warning (from ./node_modules/source-map-loader/dist/cjs.js):
Failed to parse source map: 'webpack://antd/./components/icon/style/index.less' URL is not supported

WARNING in ./node_modules/antd/dist/antd.css (./node_modules/css-loader/dist/cjs.js??ruleSet[1].rules[1].oneOf[5].use[1]!./node_modules/postcss-loader/dist/cjs.js??ruleSet[1].rules[1].oneOf[5].use[2]!./node_modules/source-map-loader/dist/cjs.js!./node_modules/antd/dist/antd.css)
Module Warning (from ./node_modules/source-map-loader/dist/cjs.js):
Failed to parse source map: 'webpack://antd/./components/locale-provider/style/index.less' URL is not supported

WARNING in ./node_modules/antd/dist/antd.css (./node_modules/css-loader/dist/cjs.js??ruleSet[1].rules[1].oneOf[5].use[1]!./node_modules/postcss-loader/dist/cjs.js??ruleSet[1].rules[1].oneOf[5].use[2]!./node_modules/source-map-loader/dist/cjs.js!./node_modules/antd/dist/antd.css)
Module Warning (from ./node_modules/source-map-loader/dist/cjs.js):
Failed to parse source map: 'webpack://antd/./components/time-picker/style/index.less' URL is not supported

WARNING in [eslint] 
src/components/Editor/BlogEditor.jsx
  Line 6:8:    'FileSaver' is defined but never used               no-unused-vars
  Line 10:8:   'qs' is defined but never used                      no-unused-vars
  Line 28:25:  'contextHolder' is assigned a value but never used  no-unused-vars
  Line 29:13:  'data' is assigned a value but never used           no-unused-vars

webpack compiled with 5 warnings
Compiling...
Compiled with warnings.

Failed to parse source map: 'webpack://antd/./components/config-provider/style/index.less' URL is not supported

Failed to parse source map: 'webpack://antd/./components/icon/style/index.less' URL is not supported

Failed to parse source map: 'webpack://antd/./components/locale-provider/style/index.less' URL is not supported

Failed to parse source map: 'webpack://antd/./components/time-picker/style/index.less' URL is not supported

[eslint] 
src/components/Editor/BlogEditor.jsx
  Line 6:8:    'FileSaver' is defined but never used               no-unused-vars
  Line 10:8:   'qs' is defined but never used                      no-unused-vars
  Line 28:25:  'contextHolder' is assigned a value but never used  no-unused-vars
  Line 29:13:  'data' is assigned a value but never used           no-unused-vars

Search for the keywords to learn more about each warning.
To ignore, add // eslint-disable-next-line to the line before.

WARNING in ./node_modules/antd/dist/antd.css (./node_modules/css-loader/dist/cjs.js??ruleSet[1].rules[1].oneOf[5].use[1]!./node_modules/postcss-loader/dist/cjs.js??ruleSet[1].rules[1].oneOf[5].use[2]!./node_modules/source-map-loader/dist/cjs.js!./node_modules/antd/dist/antd.css)
Module Warning (from ./node_modules/source-map-loader/dist/cjs.js):
Failed to parse source map: 'webpack://antd/./components/config-provider/style/index.less' URL is not supported

WARNING in ./node_modules/antd/dist/antd.css (./node_modules/css-loader/dist/cjs.js??ruleSet[1].rules[1].oneOf[5].use[1]!./node_modules/postcss-loader/dist/cjs.js??ruleSet[1].rules[1].oneOf[5].use[2]!./node_modules/source-map-loader/dist/cjs.js!./node_modules/antd/dist/antd.css)
Module Warning (from ./node_modules/source-map-loader/dist/cjs.js):
Failed to parse source map: 'webpack://antd/./components/icon/style/index.less' URL is not supported

WARNING in ./node_modules/antd/dist/antd.css (./node_modules/css-loader/dist/cjs.js??ruleSet[1].rules[1].oneOf[5].use[1]!./node_modules/postcss-loader/dist/cjs.js??ruleSet[1].rules[1].oneOf[5].use[2]!./node_modules/source-map-loader/dist/cjs.js!./node_modules/antd/dist/antd.css)
Module Warning (from ./node_modules/source-map-loader/dist/cjs.js):
Failed to parse source map: 'webpack://antd/./components/locale-provider/style/index.less' URL is not supported

WARNING in ./node_modules/antd/dist/antd.css (./node_modules/css-loader/dist/cjs.js??ruleSet[1].rules[1].oneOf[5].use[1]!./node_modules/postcss-loader/dist/cjs.js??ruleSet[1].rules[1].oneOf[5].use[2]!./node_modules/source-map-loader/dist/cjs.js!./node_modules/antd/dist/antd.css)
Module Warning (from ./node_modules/source-map-loader/dist/cjs.js):
Failed to parse source map: 'webpack://antd/./components/time-picker/style/index.less' URL is not supported

WARNING in [eslint] 
src/components/Editor/BlogEditor.jsx
  Line 6:8:    'FileSaver' is defined but never used               no-unused-vars
  Line 10:8:   'qs' is defined but never used                      no-unused-vars
  Line 28:25:  'contextHolder' is assigned a value but never used  no-unused-vars
  Line 29:13:  'data' is assigned a value but never used           no-unused-vars

webpack compiled with 5 warnings
Compiling...
Compiled with warnings.

Failed to parse source map: 'webpack://antd/./components/config-provider/style/index.less' URL is not supported

Failed to parse source map: 'webpack://antd/./components/icon/style/index.less' URL is not supported

Failed to parse source map: 'webpack://antd/./components/locale-provider/style/index.less' URL is not supported

Failed to parse source map: 'webpack://antd/./components/time-picker/style/index.less' URL is not supported

[eslint] 
src/components/Editor/BlogEditor.jsx
  Line 6:8:    'FileSaver' is defined but never used               no-unused-vars
  Line 10:8:   'qs' is defined but never used                      no-unused-vars
  Line 28:25:  'contextHolder' is assigned a value but never used  no-unused-vars
  Line 29:13:  'data' is assigned a value but never used           no-unused-vars

Search for the keywords to learn more about each warning.
To ignore, add // eslint-disable-next-line to the line before.

WARNING in ./node_modules/antd/dist/antd.css (./node_modules/css-loader/dist/cjs.js??ruleSet[1].rules[1].oneOf[5].use[1]!./node_modules/postcss-loader/dist/cjs.js??ruleSet[1].rules[1].oneOf[5].use[2]!./node_modules/source-map-loader/dist/cjs.js!./node_modules/antd/dist/antd.css)
Module Warning (from ./node_modules/source-map-loader/dist/cjs.js):
Failed to parse source map: 'webpack://antd/./components/config-provider/style/index.less' URL is not supported

WARNING in ./node_modules/antd/dist/antd.css (./node_modules/css-loader/dist/cjs.js??ruleSet[1].rules[1].oneOf[5].use[1]!./node_modules/postcss-loader/dist/cjs.js??ruleSet[1].rules[1].oneOf[5].use[2]!./node_modules/source-map-loader/dist/cjs.js!./node_modules/antd/dist/antd.css)
Module Warning (from ./node_modules/source-map-loader/dist/cjs.js):
Failed to parse source map: 'webpack://antd/./components/icon/style/index.less' URL is not supported

WARNING in ./node_modules/antd/dist/antd.css (./node_modules/css-loader/dist/cjs.js??ruleSet[1].rules[1].oneOf[5].use[1]!./node_modules/postcss-loader/dist/cjs.js??ruleSet[1].rules[1].oneOf[5].use[2]!./node_modules/source-map-loader/dist/cjs.js!./node_modules/antd/dist/antd.css)
Module Warning (from ./node_modules/source-map-loader/dist/cjs.js):
Failed to parse source map: 'webpack://antd/./components/locale-provider/style/index.less' URL is not supported

WARNING in ./node_modules/antd/dist/antd.css (./node_modules/css-loader/dist/cjs.js??ruleSet[1].rules[1].oneOf[5].use[1]!./node_modules/postcss-loader/dist/cjs.js??ruleSet[1].rules[1].oneOf[5].use[2]!./node_modules/source-map-loader/dist/cjs.js!./node_modules/antd/dist/antd.css)
Module Warning (from ./node_modules/source-map-loader/dist/cjs.js):
Failed to parse source map: 'webpack://antd/./components/time-picker/style/index.less' URL is not supported

WARNING in [eslint] 
src/components/Editor/BlogEditor.jsx
  Line 6:8:    'FileSaver' is defined but never used               no-unused-vars
  Line 10:8:   'qs' is defined but never used                      no-unused-vars
  Line 28:25:  'contextHolder' is assigned a value but never used  no-unused-vars
  Line 29:13:  'data' is assigned a value but never used           no-unused-vars

webpack compiled with 5 warnings
Compiling...
Compiled with warnings.

Failed to parse source map: 'webpack://antd/./components/config-provider/style/index.less' URL is not supported

Failed to parse source map: 'webpack://antd/./components/icon/style/index.less' URL is not supported

Failed to parse source map: 'webpack://antd/./components/locale-provider/style/index.less' URL is not supported

Failed to parse source map: 'webpack://antd/./components/time-picker/style/index.less' URL is not supported

[eslint] 
src/components/Editor/BlogEditor.jsx
  Line 6:8:    'FileSaver' is defined but never used               no-unused-vars
  Line 10:8:   'qs' is defined but never used                      no-unused-vars
  Line 28:25:  'contextHolder' is assigned a value but never used  no-unused-vars
  Line 29:13:  'data' is assigned a value but never used           no-unused-vars

Search for the keywords to learn more about each warning.
To ignore, add // eslint-disable-next-line to the line before.

WARNING in ./node_modules/antd/dist/antd.css (./node_modules/css-loader/dist/cjs.js??ruleSet[1].rules[1].oneOf[5].use[1]!./node_modules/postcss-loader/dist/cjs.js??ruleSet[1].rules[1].oneOf[5].use[2]!./node_modules/source-map-loader/dist/cjs.js!./node_modules/antd/dist/antd.css)
Module Warning (from ./node_modules/source-map-loader/dist/cjs.js):
Failed to parse source map: 'webpack://antd/./components/config-provider/style/index.less' URL is not supported

WARNING in ./node_modules/antd/dist/antd.css (./node_modules/css-loader/dist/cjs.js??ruleSet[1].rules[1].oneOf[5].use[1]!./node_modules/postcss-loader/dist/cjs.js??ruleSet[1].rules[1].oneOf[5].use[2]!./node_modules/source-map-loader/dist/cjs.js!./node_modules/antd/dist/antd.css)
Module Warning (from ./node_modules/source-map-loader/dist/cjs.js):
Failed to parse source map: 'webpack://antd/./components/icon/style/index.less' URL is not supported

WARNING in ./node_modules/antd/dist/antd.css (./node_modules/css-loader/dist/cjs.js??ruleSet[1].rules[1].oneOf[5].use[1]!./node_modules/postcss-loader/dist/cjs.js??ruleSet[1].rules[1].oneOf[5].use[2]!./node_modules/source-map-loader/dist/cjs.js!./node_modules/antd/dist/antd.css)
Module Warning (from ./node_modules/source-map-loader/dist/cjs.js):
Failed to parse source map: 'webpack://antd/./components/locale-provider/style/index.less' URL is not supported

WARNING in ./node_modules/antd/dist/antd.css (./node_modules/css-loader/dist/cjs.js??ruleSet[1].rules[1].oneOf[5].use[1]!./node_modules/postcss-loader/dist/cjs.js??ruleSet[1].rules[1].oneOf[5].use[2]!./node_modules/source-map-loader/dist/cjs.js!./node_modules/antd/dist/antd.css)
Module Warning (from ./node_modules/source-map-loader/dist/cjs.js):
Failed to parse source map: 'webpack://antd/./components/time-picker/style/index.less' URL is not supported

WARNING in [eslint] 
src/components/Editor/BlogEditor.jsx
  Line 6:8:    'FileSaver' is defined but never used               no-unused-vars
  Line 10:8:   'qs' is defined but never used                      no-unused-vars
  Line 28:25:  'contextHolder' is assigned a value but never used  no-unused-vars
  Line 29:13:  'data' is assigned a value but never used           no-unused-vars

webpack compiled with 5 warnings
Compiling...
Compiled with warnings.

Failed to parse source map: 'webpack://antd/./components/config-provider/style/index.less' URL is not supported

Failed to parse source map: 'webpack://antd/./components/icon/style/index.less' URL is not supported

Failed to parse source map: 'webpack://antd/./components/locale-provider/style/index.less' URL is not supported

Failed to parse source map: 'webpack://antd/./components/time-picker/style/index.less' URL is not supported

[eslint] 
src/components/Editor/BlogEditor.jsx
  Line 6:8:    'FileSaver' is defined but never used               no-unused-vars
  Line 10:8:   'qs' is defined but never used                      no-unused-vars
  Line 28:25:  'contextHolder' is assigned a value but never used  no-unused-vars
  Line 29:13:  'data' is assigned a value but never used           no-unused-vars

Search for the keywords to learn more about each warning.
To ignore, add // eslint-disable-next-line to the line before.

WARNING in ./node_modules/antd/dist/antd.css (./node_modules/css-loader/dist/cjs.js??ruleSet[1].rules[1].oneOf[5].use[1]!./node_modules/postcss-loader/dist/cjs.js??ruleSet[1].rules[1].oneOf[5].use[2]!./node_modules/source-map-loader/dist/cjs.js!./node_modules/antd/dist/antd.css)
Module Warning (from ./node_modules/source-map-loader/dist/cjs.js):
Failed to parse source map: 'webpack://antd/./components/config-provider/style/index.less' URL is not supported

WARNING in ./node_modules/antd/dist/antd.css (./node_modules/css-loader/dist/cjs.js??ruleSet[1].rules[1].oneOf[5].use[1]!./node_modules/postcss-loader/dist/cjs.js??ruleSet[1].rules[1].oneOf[5].use[2]!./node_modules/source-map-loader/dist/cjs.js!./node_modules/antd/dist/antd.css)
Module Warning (from ./node_modules/source-map-loader/dist/cjs.js):
Failed to parse source map: 'webpack://antd/./components/icon/style/index.less' URL is not supported

WARNING in ./node_modules/antd/dist/antd.css (./node_modules/css-loader/dist/cjs.js??ruleSet[1].rules[1].oneOf[5].use[1]!./node_modules/postcss-loader/dist/cjs.js??ruleSet[1].rules[1].oneOf[5].use[2]!./node_modules/source-map-loader/dist/cjs.js!./node_modules/antd/dist/antd.css)
Module Warning (from ./node_modules/source-map-loader/dist/cjs.js):
Failed to parse source map: 'webpack://antd/./components/locale-provider/style/index.less' URL is not supported

WARNING in ./node_modules/antd/dist/antd.css (./node_modules/css-loader/dist/cjs.js??ruleSet[1].rules[1].oneOf[5].use[1]!./node_modules/postcss-loader/dist/cjs.js??ruleSet[1].rules[1].oneOf[5].use[2]!./node_modules/source-map-loader/dist/cjs.js!./node_modules/antd/dist/antd.css)
Module Warning (from ./node_modules/source-map-loader/dist/cjs.js):
Failed to parse source map: 'webpack://antd/./components/time-picker/style/index.less' URL is not supported

WARNING in [eslint] 
src/components/Editor/BlogEditor.jsx
  Line 6:8:    'FileSaver' is defined but never used               no-unused-vars
  Line 10:8:   'qs' is defined but never used                      no-unused-vars
  Line 28:25:  'contextHolder' is assigned a value but never used  no-unused-vars
  Line 29:13:  'data' is assigned a value but never used           no-unused-vars

webpack compiled with 5 warnings
Compiling...
